<?xml version="1.0" encoding="UTF-8"?>
<!-- Generated by org.testng.reporters.JUnitReportReporter -->
<testsuite skipped="0" hostname="LAPTOP-I65CO0T2" name="org.informatorio.FirstTest" tests="1" failures="0" timestamp="12 ago 2018 17:33:10 GMT" time="10.109" errors="0">
  <testcase name="firstTest" time="10.109" classname="org.informatorio.FirstTest"/>
</testsuite> <!-- org.informatorio.FirstTest -->
